<?xml version="1.0" encoding="UTF-8" ?>
<testsuite errors="1" failures="0" hostname="localhost.localdomain" name="OneTest" skipped="0" tests="1" time="0.061" timestamp="2020-03-27T08:12:35">
  <properties>
[...]
</properties>
  <testcase classname="OneTest" name="initializationError" time="0.008">
    <error message="org/hamcrest/SelfDescribing" type="java.lang.NoClassDefFoundError">java.lang.NoClassDefFoundError: org/hamcrest/SelfDescribing
	at java.lang.ClassLoader.defineClass1(Native Method)
	at java.lang.ClassLoader.defineClass(ClassLoader.java:757)
	at java.security.SecureClassLoader.defineClass(SecureClassLoader.java:142)
	at java.net.URLClassLoader.defineClass(URLClassLoader.java:468)
	at java.net.URLClassLoader.access$100(URLClassLoader.java:74)
	at java.net.URLClassLoader$1.run(URLClassLoader.java:369)
	at java.net.URLClassLoader$1.run(URLClassLoader.java:363)
	at java.security.AccessController.doPrivileged(Native Method)
	at java.net.URLClassLoader.findClass(URLClassLoader.java:362)
	at java.lang.ClassLoader.loadClass(ClassLoader.java:419)
	at sun.misc.Launcher$AppClassLoader.loadClass(Launcher.java:352)
	at java.lang.ClassLoader.loadClass(ClassLoader.java:352)
	at java.lang.reflect.Constructor.newInstance(Constructor.java:423)
Caused by: java.lang.ClassNotFoundException: org.hamcrest.SelfDescribing
	at java.net.URLClassLoader.findClass(URLClassLoader.java:382)
	at java.lang.ClassLoader.loadClass(ClassLoader.java:419)
	at sun.misc.Launcher$AppClassLoader.loadClass(Launcher.java:352)
	at java.lang.ClassLoader.loadClass(ClassLoader.java:352)
</error>
  </testcase>
  <system-out><![CDATA[]]></system-out>
  <system-err><![CDATA[java.lang.instrument.IllegalClassFormatException: Error while instrumenting class org/apache/tools/ant/util/DateUtils.
	at org.jacoco.agent.rt_wsci5q.CoverageTransformer.transform(CoverageTransformer.java:69)
	at sun.instrument.TransformerManager.transform(TransformerManager.java:188)
	at sun.instrument.InstrumentationImpl.transform(InstrumentationImpl.java:428)
	at java.lang.ClassLoader.defineClass1(Native Method)
	at java.lang.ClassLoader.defineClass(ClassLoader.java:757)
	at java.security.SecureClassLoader.defineClass(SecureClassLoader.java:142)
	at java.net.URLClassLoader.defineClass(URLClassLoader.java:468)
	at java.net.URLClassLoader.access$100(URLClassLoader.java:74)
	at java.net.URLClassLoader$1.run(URLClassLoader.java:369)
	at java.net.URLClassLoader$1.run(URLClassLoader.java:363)
	at java.security.AccessController.doPrivileged(Native Method)
	at java.net.URLClassLoader.findClass(URLClassLoader.java:362)
	at java.lang.ClassLoader.loadClass(ClassLoader.java:419)
	at sun.misc.Launcher$AppClassLoader.loadClass(Launcher.java:352)
	at java.lang.ClassLoader.loadClass(ClassLoader.java:352)
	at org.apache.tools.ant.taskdefs.optional.junit.XMLJUnitResultFormatter.startTestSuite(XMLJUnitResultFormatter.java:141)
	at org.apache.tools.ant.taskdefs.optional.junit.JUnitTestRunner.fireStartTestSuite(JUnitTestRunner.java:847)
	at org.apache.tools.ant.taskdefs.optional.junit.JUnitTestRunner.run(JUnitTestRunner.java:523)
	at org.apache.tools.ant.taskdefs.optional.junit.JUnitTestRunner.launch(JUnitTestRunner.java:1196)
	at org.apache.tools.ant.taskdefs.optional.junit.JUnitTestRunner.main(JUnitTestRunner.java:1041)
java.lang.instrument.IllegalClassFormatException: Error while instrumenting class org/apache/tools/ant/util/StringUtils.
	at org.jacoco.agent.rt_wsci5q.CoverageTransformer.transform(CoverageTransformer.java:69)
	at sun.instrument.TransformerManager.transform(TransformerManager.java:188)
	at sun.instrument.InstrumentationImpl.transform(InstrumentationImpl.java:428)
	at java.lang.ClassLoader.defineClass1(Native Method)
	at java.lang.ClassLoader.defineClass(ClassLoader.java:757)
	at java.security.SecureClassLoader.defineClass(SecureClassLoader.java:142)
	at java.net.URLClassLoader.defineClass(URLClassLoader.java:468)
	at java.net.URLClassLoader.access$100(URLClassLoader.java:74)
	at java.net.URLClassLoader$1.run(URLClassLoader.java:369)
	at java.net.URLClassLoader$1.run(URLClassLoader.java:363)
	at java.security.AccessController.doPrivileged(Native Method)
	at java.net.URLClassLoader.findClass(URLClassLoader.java:362)
	at java.lang.ClassLoader.loadClass(ClassLoader.java:419)
	at sun.misc.Launcher$AppClassLoader.loadClass(Launcher.java:352)
	at java.lang.ClassLoader.loadClass(ClassLoader.java:352)
	at org.apache.tools.ant.taskdefs.optional.junit.JUnitTestRunner.getFilteredTrace(JUnitTestRunner.java:1137)
	at org.apache.tools.ant.taskdefs.optional.junit.XMLJUnitResultFormatter.formatError(XMLJUnitResultFormatter.java:322)
	at org.apache.tools.ant.taskdefs.optional.junit.XMLJUnitResultFormatter.addError(XMLJUnitResultFormatter.java:301)
	at org.apache.tools.ant.taskdefs.optional.junit.JUnitTestRunner$3.addError(JUnitTestRunner.java:1251)
	at junit.framework.TestResult.addError(TestResult.java:38)
	at org.apache.tools.ant.taskdefs.optional.junit.CustomJUnit4TestAdapterCache$1.testFailure(CustomJUnit4TestAdapterCache.java:61)
	at org.junit.runner.notification.RunNotifier$4.notifyListener(RunNotifier.java:100)
	at org.junit.runner.notification.RunNotifier$SafeNotifier.run(RunNotifier.java:41)
	at org.junit.runner.notification.RunNotifier.fireTestFailure(RunNotifier.java:97)
	at org.junit.internal.runners.ErrorReportingRunner.runCause(ErrorReportingRunner.java:57)
	at org.junit.internal.runners.ErrorReportingRunner.run(ErrorReportingRunner.java:34)
	at junit.framework.JUnit4TestAdapter.run(JUnit4TestAdapter.java:39)
	at org.apache.tools.ant.taskdefs.optional.junit.JUnitTestRunner.run(JUnitTestRunner.java:534)
	at org.apache.tools.ant.taskdefs.optional.junit.JUnitTestRunner.launch(JUnitTestRunner.java:1196)
	at org.apache.tools.ant.taskdefs.optional.junit.JUnitTestRunner.main(JUnitTestRunner.java:1041)
]]></system-err>
</testsuite>
